<?xml version="1.0" encoding="UTF-8"?>
<!-- Generated by org.testng.reporters.JUnitXMLReporter -->
<testsuite ignored="0" hostname="LAPTOP-LIQ39GJJ" failures="0" tests="3" name="Default test" time="14.836" errors="0" timestamp="2023-11-06T12:18:21 IST">
  <testcase classname="Test.DynamicTableAutomation" name="testNavigateToTableDataButton" time="0.069"/>
  <testcase classname="Test.DynamicTableAutomation" name="testEnterDataAndRefreshTable" time="0.614"/>
  <testcase classname="Test.DynamicTableAutomation" name="testAssertionOfData" time="10.411"/>
</testsuite> <!-- Default test -->
