<?xml version="1.0" encoding="UTF-8"?>
<!-- Generated by org.testng.reporters.JUnitXMLReporter -->
<testsuite ignored="0" hostname="LAPTOP-LIQ39GJJ" failures="0" tests="3" name="Default test" time="14.536" errors="0" timestamp="2023-11-06T12:13:07 IST">
  <testcase classname="Test.DynamicTableAutomation" name="testNavigateToTableDataButton" time="0.345"/>
  <testcase classname="Test.DynamicTableAutomation" name="testEnterDataAndRefreshTable" time="0.621"/>
  <testcase classname="Test.DynamicTableAutomation" name="testAssertionOfData" time="10.5"/>
</testsuite> <!-- Default test -->
