<?xml version="1.0" encoding="UTF-8"?>
<testng-results ignored="0" total="3" passed="3" failed="0" skipped="0">
  <reporter-output>
  </reporter-output>
  <suite started-at="2023-11-06T12:12:52 IST" name="Default suite" finished-at="2023-11-06T12:13:07 IST" duration-ms="14536">
    <groups>
    </groups>
    <test started-at="2023-11-06T12:12:52 IST" name="Default test" finished-at="2023-11-06T12:13:07 IST" duration-ms="14536">
      <class name="Test.DynamicTableAutomation">
        <test-method is-config="true" signature="setUp()[pri:0, instance:Test.DynamicTableAutomation@28261e8e]" started-at="2023-11-06T12:12:52 IST" name="setUp" finished-at="2023-11-06T12:12:55 IST" duration-ms="2779" status="PASS">
          <reporter-output>
          </reporter-output>
        </test-method> <!-- setUp -->
        <test-method signature="testNavigateToTableDataButton()[pri:1, instance:Test.DynamicTableAutomation@28261e8e]" started-at="2023-11-06T12:12:55 IST" name="testNavigateToTableDataButton" finished-at="2023-11-06T12:12:55 IST" duration-ms="345" status="PASS">
          <reporter-output>
          </reporter-output>
        </test-method> <!-- testNavigateToTableDataButton -->
        <test-method signature="testEnterDataAndRefreshTable()[pri:2, instance:Test.DynamicTableAutomation@28261e8e]" started-at="2023-11-06T12:12:55 IST" name="testEnterDataAndRefreshTable" finished-at="2023-11-06T12:12:56 IST" duration-ms="621" status="PASS">
          <reporter-output>
          </reporter-output>
        </test-method> <!-- testEnterDataAndRefreshTable -->
        <test-method signature="testAssertionOfData()[pri:3, instance:Test.DynamicTableAutomation@28261e8e]" started-at="2023-11-06T12:12:56 IST" name="testAssertionOfData" finished-at="2023-11-06T12:13:06 IST" duration-ms="10500" status="PASS">
          <reporter-output>
          </reporter-output>
        </test-method> <!-- testAssertionOfData -->
        <test-method is-config="true" signature="tearDown()[pri:0, instance:Test.DynamicTableAutomation@28261e8e]" started-at="2023-11-06T12:13:06 IST" name="tearDown" finished-at="2023-11-06T12:13:07 IST" duration-ms="241" status="PASS">
          <reporter-output>
          </reporter-output>
        </test-method> <!-- tearDown -->
      </class> <!-- Test.DynamicTableAutomation -->
    </test> <!-- Default test -->
  </suite> <!-- Default suite -->
</testng-results>
